<?xml version="1.0" encoding="UTF-8"?>
<testng-results ignored="0" total="1" passed="1" failed="0" skipped="0">
  <reporter-output>
  </reporter-output>
  <suite started-at="2023-01-31T10:32:29 IST" name="Default suite" finished-at="2023-01-31T10:32:40 IST" duration-ms="11177">
    <groups>
    </groups>
    <test started-at="2023-01-31T10:32:29 IST" name="Default test" finished-at="2023-01-31T10:32:40 IST" duration-ms="11177">
      <class name="dataDrivenTest.ScreenShotDemo">
        <test-method signature="capture()[pri:0, instance:dataDrivenTest.ScreenShotDemo@51e69659]" started-at="2023-01-31T10:32:29 IST" name="capture" finished-at="2023-01-31T10:32:40 IST" duration-ms="11120" status="PASS">
          <reporter-output>
          </reporter-output>
        </test-method> <!-- capture -->
      </class> <!-- dataDrivenTest.ScreenShotDemo -->
    </test> <!-- Default test -->
  </suite> <!-- Default suite -->
</testng-results>
